<?xml version="1.0" ?>
<!DOCTYPE coverage
  SYSTEM 'http://cobertura.sourceforge.net/xml/coverage-04.dtd'>
<coverage branch-rate="0.0" branches-covered="0" branches-valid="0" complexity="0" line-rate="0.07598784194528875" lines-covered="25" lines-valid="329" timestamp="1681174445" version="2.0.3">
	<sources>
		<source>.</source>
	</sources>
	<packages>
		<package line-rate="0.0" branch-rate="0.0" name="lib.app" complexity="0">
			<classes>
				<class branch-rate="0.0" complexity="0" filename="lib/app/app.dart" line-rate="0.0" name="lib.app.app.dart">
					<methods/>
					<lines>
						<line branch="false" hits="0" number="7"/>
						<line branch="false" hits="0" number="8"/>
						<line branch="false" hits="0" number="10"/>
						<line branch="false" hits="0" number="11"/>
						<line branch="false" hits="0" number="12"/>
						<line branch="false" hits="0" number="14"/>
						<line branch="false" hits="0" number="15"/>
						<line branch="false" hits="0" number="16"/>
						<line branch="false" hits="0" number="17"/>
					</lines>
				</class>
				<class branch-rate="0.0" complexity="0" filename="lib/app/app_binds.dart" line-rate="0.0" name="lib.app.app_binds.dart">
					<methods/>
					<lines>
						<line branch="false" hits="0" number="6"/>
						<line branch="false" hits="0" number="7"/>
						<line branch="false" hits="0" number="8"/>
						<line branch="false" hits="0" number="9"/>
						<line branch="false" hits="0" number="10"/>
						<line branch="false" hits="0" number="11"/>
						<line branch="false" hits="0" number="12"/>
						<line branch="false" hits="0" number="13"/>
						<line branch="false" hits="0" number="14"/>
						<line branch="false" hits="0" number="15"/>
						<line branch="false" hits="0" number="16"/>
					</lines>
				</class>
				<class branch-rate="0.0" complexity="0" filename="lib/app/app_routes.dart" line-rate="0.0" name="lib.app.app_routes.dart">
					<methods/>
					<lines>
						<line branch="false" hits="0" number="8"/>
						<line branch="false" hits="0" number="9"/>
						<line branch="false" hits="0" number="10"/>
						<line branch="false" hits="0" number="12"/>
					</lines>
				</class>
			</classes>
		</package>
		<package line-rate="0.0" branch-rate="0.0" name="lib.app.src.core.api" complexity="0">
			<classes>
				<class branch-rate="0.0" complexity="0" filename="lib/app/src/core/api/api_request.dart" line-rate="0.0" name="lib.app.src.core.api.api_request.dart">
					<methods/>
					<lines>
						<line branch="false" hits="0" number="6"/>
					</lines>
				</class>
				<class branch-rate="0.0" complexity="0" filename="lib/app/src/core/api/api_response.dart" line-rate="0.0" name="lib.app.src.core.api.api_response.dart">
					<methods/>
					<lines>
						<line branch="false" hits="0" number="4"/>
						<line branch="false" hits="0" number="26"/>
						<line branch="false" hits="0" number="28"/>
						<line branch="false" hits="0" number="30"/>
						<line branch="false" hits="0" number="32"/>
					</lines>
				</class>
				<class branch-rate="0.0" complexity="0" filename="lib/app/src/core/api/api_service.dart" line-rate="0.0" name="lib.app.src.core.api.api_service.dart">
					<methods/>
					<lines>
						<line branch="false" hits="0" number="8"/>
						<line branch="false" hits="0" number="10"/>
						<line branch="false" hits="0" number="12"/>
						<line branch="false" hits="0" number="14"/>
						<line branch="false" hits="0" number="16"/>
						<line branch="false" hits="0" number="36"/>
						<line branch="false" hits="0" number="43"/>
						<line branch="false" hits="0" number="49"/>
						<line branch="false" hits="0" number="51"/>
						<line branch="false" hits="0" number="52"/>
						<line branch="false" hits="0" number="53"/>
						<line branch="false" hits="0" number="54"/>
						<line branch="false" hits="0" number="56"/>
						<line branch="false" hits="0" number="61"/>
						<line branch="false" hits="0" number="62"/>
						<line branch="false" hits="0" number="63"/>
						<line branch="false" hits="0" number="64"/>
						<line branch="false" hits="0" number="65"/>
						<line branch="false" hits="0" number="66"/>
						<line branch="false" hits="0" number="67"/>
						<line branch="false" hits="0" number="69"/>
						<line branch="false" hits="0" number="71"/>
						<line branch="false" hits="0" number="73"/>
						<line branch="false" hits="0" number="74"/>
						<line branch="false" hits="0" number="75"/>
						<line branch="false" hits="0" number="76"/>
						<line branch="false" hits="0" number="77"/>
						<line branch="false" hits="0" number="79"/>
						<line branch="false" hits="0" number="83"/>
						<line branch="false" hits="0" number="89"/>
						<line branch="false" hits="0" number="96"/>
						<line branch="false" hits="0" number="99"/>
						<line branch="false" hits="0" number="106"/>
						<line branch="false" hits="0" number="108"/>
						<line branch="false" hits="0" number="109"/>
						<line branch="false" hits="0" number="110"/>
						<line branch="false" hits="0" number="111"/>
						<line branch="false" hits="0" number="112"/>
						<line branch="false" hits="0" number="115"/>
						<line branch="false" hits="0" number="116"/>
						<line branch="false" hits="0" number="117"/>
						<line branch="false" hits="0" number="118"/>
						<line branch="false" hits="0" number="119"/>
						<line branch="false" hits="0" number="120"/>
						<line branch="false" hits="0" number="121"/>
						<line branch="false" hits="0" number="122"/>
						<line branch="false" hits="0" number="126"/>
						<line branch="false" hits="0" number="128"/>
						<line branch="false" hits="0" number="129"/>
						<line branch="false" hits="0" number="130"/>
						<line branch="false" hits="0" number="131"/>
						<line branch="false" hits="0" number="134"/>
						<line branch="false" hits="0" number="135"/>
						<line branch="false" hits="0" number="137"/>
						<line branch="false" hits="0" number="138"/>
						<line branch="false" hits="0" number="139"/>
						<line branch="false" hits="0" number="140"/>
						<line branch="false" hits="0" number="141"/>
						<line branch="false" hits="0" number="145"/>
						<line branch="false" hits="0" number="147"/>
						<line branch="false" hits="0" number="148"/>
						<line branch="false" hits="0" number="149"/>
						<line branch="false" hits="0" number="150"/>
						<line branch="false" hits="0" number="153"/>
						<line branch="false" hits="0" number="154"/>
						<line branch="false" hits="0" number="155"/>
						<line branch="false" hits="0" number="156"/>
						<line branch="false" hits="0" number="157"/>
						<line branch="false" hits="0" number="158"/>
						<line branch="false" hits="0" number="159"/>
						<line branch="false" hits="0" number="160"/>
						<line branch="false" hits="0" number="161"/>
						<line branch="false" hits="0" number="165"/>
						<line branch="false" hits="0" number="167"/>
						<line branch="false" hits="0" number="168"/>
						<line branch="false" hits="0" number="169"/>
						<line branch="false" hits="0" number="170"/>
						<line branch="false" hits="0" number="173"/>
						<line branch="false" hits="0" number="174"/>
						<line branch="false" hits="0" number="175"/>
						<line branch="false" hits="0" number="176"/>
						<line branch="false" hits="0" number="177"/>
						<line branch="false" hits="0" number="178"/>
						<line branch="false" hits="0" number="179"/>
						<line branch="false" hits="0" number="180"/>
						<line branch="false" hits="0" number="181"/>
						<line branch="false" hits="0" number="182"/>
						<line branch="false" hits="0" number="186"/>
						<line branch="false" hits="0" number="188"/>
						<line branch="false" hits="0" number="189"/>
						<line branch="false" hits="0" number="190"/>
						<line branch="false" hits="0" number="191"/>
						<line branch="false" hits="0" number="194"/>
						<line branch="false" hits="0" number="195"/>
						<line branch="false" hits="0" number="196"/>
						<line branch="false" hits="0" number="197"/>
						<line branch="false" hits="0" number="198"/>
						<line branch="false" hits="0" number="199"/>
						<line branch="false" hits="0" number="200"/>
						<line branch="false" hits="0" number="201"/>
						<line branch="false" hits="0" number="202"/>
						<line branch="false" hits="0" number="203"/>
						<line branch="false" hits="0" number="207"/>
						<line branch="false" hits="0" number="209"/>
						<line branch="false" hits="0" number="210"/>
						<line branch="false" hits="0" number="211"/>
						<line branch="false" hits="0" number="213"/>
						<line branch="false" hits="0" number="215"/>
						<line branch="false" hits="0" number="219"/>
						<line branch="false" hits="0" number="222"/>
						<line branch="false" hits="0" number="226"/>
						<line branch="false" hits="0" number="228"/>
						<line branch="false" hits="0" number="229"/>
						<line branch="false" hits="0" number="230"/>
						<line branch="false" hits="0" number="231"/>
						<line branch="false" hits="0" number="232"/>
						<line branch="false" hits="0" number="233"/>
						<line branch="false" hits="0" number="238"/>
						<line branch="false" hits="0" number="243"/>
						<line branch="false" hits="0" number="244"/>
						<line branch="false" hits="0" number="246"/>
						<line branch="false" hits="0" number="249"/>
						<line branch="false" hits="0" number="251"/>
						<line branch="false" hits="0" number="252"/>
						<line branch="false" hits="0" number="253"/>
						<line branch="false" hits="0" number="254"/>
						<line branch="false" hits="0" number="256"/>
						<line branch="false" hits="0" number="259"/>
						<line branch="false" hits="0" number="260"/>
						<line branch="false" hits="0" number="264"/>
						<line branch="false" hits="0" number="265"/>
						<line branch="false" hits="0" number="267"/>
						<line branch="false" hits="0" number="268"/>
						<line branch="false" hits="0" number="269"/>
						<line branch="false" hits="0" number="273"/>
						<line branch="false" hits="0" number="275"/>
						<line branch="false" hits="0" number="277"/>
						<line branch="false" hits="0" number="279"/>
						<line branch="false" hits="0" number="280"/>
						<line branch="false" hits="0" number="281"/>
						<line branch="false" hits="0" number="283"/>
						<line branch="false" hits="0" number="286"/>
						<line branch="false" hits="0" number="287"/>
						<line branch="false" hits="0" number="294"/>
						<line branch="false" hits="0" number="296"/>
						<line branch="false" hits="0" number="297"/>
						<line branch="false" hits="0" number="298"/>
						<line branch="false" hits="0" number="300"/>
						<line branch="false" hits="0" number="301"/>
						<line branch="false" hits="0" number="302"/>
						<line branch="false" hits="0" number="303"/>
						<line branch="false" hits="0" number="305"/>
						<line branch="false" hits="0" number="306"/>
						<line branch="false" hits="0" number="308"/>
						<line branch="false" hits="0" number="309"/>
						<line branch="false" hits="0" number="313"/>
						<line branch="false" hits="0" number="314"/>
						<line branch="false" hits="0" number="315"/>
						<line branch="false" hits="0" number="316"/>
						<line branch="false" hits="0" number="318"/>
						<line branch="false" hits="0" number="319"/>
						<line branch="false" hits="0" number="320"/>
					</lines>
				</class>
			</classes>
		</package>
		<package line-rate="0.0" branch-rate="0.0" name="lib.app.src.core.api.actions" complexity="0">
			<classes>
				<class branch-rate="0.0" complexity="0" filename="lib/app/src/core/api/actions/get_default_timezone.dart" line-rate="0.0" name="lib.app.src.core.api.actions.get_default_timezone.dart">
					<methods/>
					<lines>
						<line branch="false" hits="0" number="6"/>
						<line branch="false" hits="0" number="8"/>
						<line branch="false" hits="0" number="11"/>
					</lines>
				</class>
				<class branch-rate="0.0" complexity="0" filename="lib/app/src/core/api/actions/get_system_locale.dart" line-rate="0.0" name="lib.app.src.core.api.actions.get_system_locale.dart">
					<methods/>
					<lines>
						<line branch="false" hits="0" number="4"/>
						<line branch="false" hits="0" number="5"/>
						<line branch="false" hits="0" number="7"/>
					</lines>
				</class>
			</classes>
		</package>
		<package line-rate="0.0" branch-rate="0.0" name="lib.app.src.core.configs" complexity="0">
			<classes>
				<class branch-rate="0.0" complexity="0" filename="lib/app/src/core/configs/config_header.dart" line-rate="0.0" name="lib.app.src.core.configs.config_header.dart">
					<methods/>
					<lines>
						<line branch="false" hits="0" number="8"/>
						<line branch="false" hits="0" number="9"/>
						<line branch="false" hits="0" number="10"/>
						<line branch="false" hits="0" number="13"/>
						<line branch="false" hits="0" number="14"/>
						<line branch="false" hits="0" number="17"/>
						<line branch="false" hits="0" number="18"/>
						<line branch="false" hits="0" number="21"/>
						<line branch="false" hits="0" number="22"/>
						<line branch="false" hits="0" number="25"/>
						<line branch="false" hits="0" number="26"/>
					</lines>
				</class>
				<class branch-rate="0.0" complexity="0" filename="lib/app/src/core/configs/config_service.dart" line-rate="0.0" name="lib.app.src.core.configs.config_service.dart">
					<methods/>
					<lines>
						<line branch="false" hits="0" number="13"/>
						<line branch="false" hits="0" number="15"/>
						<line branch="false" hits="0" number="17"/>
						<line branch="false" hits="0" number="18"/>
						<line branch="false" hits="0" number="20"/>
						<line branch="false" hits="0" number="22"/>
					</lines>
				</class>
			</classes>
		</package>
		<package line-rate="0.0" branch-rate="0.0" name="lib.app.src.core.envs" complexity="0">
			<classes>
				<class branch-rate="0.0" complexity="0" filename="lib/app/src/core/envs/env.dart" line-rate="0.0" name="lib.app.src.core.envs.env.dart">
					<methods/>
					<lines>
						<line branch="false" hits="0" number="4"/>
						<line branch="false" hits="0" number="10"/>
						<line branch="false" hits="0" number="12"/>
						<line branch="false" hits="0" number="13"/>
						<line branch="false" hits="0" number="19"/>
						<line branch="false" hits="0" number="23"/>
						<line branch="false" hits="0" number="24"/>
					</lines>
				</class>
			</classes>
		</package>
		<package line-rate="0.0" branch-rate="0.0" name="lib.app.src.core.returns" complexity="0">
			<classes>
				<class branch-rate="0.0" complexity="0" filename="lib/app/src/core/returns/errors.dart" line-rate="0.0" name="lib.app.src.core.returns.errors.dart">
					<methods/>
					<lines>
						<line branch="false" hits="0" number="12"/>
						<line branch="false" hits="0" number="16"/>
						<line branch="false" hits="0" number="18"/>
						<line branch="false" hits="0" number="20"/>
						<line branch="false" hits="0" number="22"/>
						<line branch="false" hits="0" number="23"/>
						<line branch="false" hits="0" number="25"/>
						<line branch="false" hits="0" number="26"/>
						<line branch="false" hits="0" number="27"/>
						<line branch="false" hits="0" number="28"/>
						<line branch="false" hits="0" number="29"/>
						<line branch="false" hits="0" number="30"/>
						<line branch="false" hits="0" number="31"/>
						<line branch="false" hits="0" number="34"/>
						<line branch="false" hits="0" number="35"/>
						<line branch="false" hits="0" number="36"/>
						<line branch="false" hits="0" number="37"/>
						<line branch="false" hits="0" number="39"/>
						<line branch="false" hits="0" number="40"/>
						<line branch="false" hits="0" number="45"/>
						<line branch="false" hits="0" number="46"/>
						<line branch="false" hits="0" number="48"/>
						<line branch="false" hits="0" number="53"/>
						<line branch="false" hits="0" number="55"/>
						<line branch="false" hits="0" number="56"/>
						<line branch="false" hits="0" number="57"/>
						<line branch="false" hits="0" number="59"/>
						<line branch="false" hits="0" number="64"/>
						<line branch="false" hits="0" number="66"/>
						<line branch="false" hits="0" number="68"/>
						<line branch="false" hits="0" number="69"/>
						<line branch="false" hits="0" number="71"/>
						<line branch="false" hits="0" number="76"/>
						<line branch="false" hits="0" number="78"/>
						<line branch="false" hits="0" number="80"/>
						<line branch="false" hits="0" number="81"/>
						<line branch="false" hits="0" number="83"/>
					</lines>
				</class>
				<class branch-rate="0.0" complexity="0" filename="lib/app/src/core/returns/success.dart" line-rate="0.0" name="lib.app.src.core.returns.success.dart">
					<methods/>
					<lines>
						<line branch="false" hits="0" number="4"/>
					</lines>
				</class>
			</classes>
		</package>
		<package line-rate="0.75" branch-rate="0.0" name="lib.app.src.modules.todo.domain.entities" complexity="0">
			<classes>
				<class branch-rate="0.0" complexity="0" filename="lib/app/src/modules/todo/domain/entities/todo_entity.dart" line-rate="0.75" name="lib.app.src.modules.todo.domain.entities.todo_entity.dart">
					<methods/>
					<lines>
						<line branch="false" hits="3" number="9"/>
						<line branch="false" hits="1" number="11"/>
						<line branch="false" hits="5" number="12"/>
						<line branch="false" hits="0" number="14"/>
					</lines>
				</class>
			</classes>
		</package>
		<package line-rate="0.7" branch-rate="0.0" name="lib.app.src.modules.todo.infra.models" complexity="0">
			<classes>
				<class branch-rate="0.0" complexity="0" filename="lib/app/src/modules/todo/infra/models/todo_model.dart" line-rate="0.7" name="lib.app.src.modules.todo.infra.models.todo_model.dart">
					<methods/>
					<lines>
						<line branch="false" hits="2" number="4"/>
						<line branch="false" hits="2" number="10"/>
						<line branch="false" hits="1" number="11"/>
						<line branch="false" hits="1" number="12"/>
						<line branch="false" hits="1" number="13"/>
						<line branch="false" hits="1" number="14"/>
						<line branch="false" hits="0" number="17"/>
						<line branch="false" hits="0" number="18"/>
						<line branch="false" hits="2" number="20"/>
						<line branch="false" hits="1" number="21"/>
						<line branch="false" hits="1" number="22"/>
						<line branch="false" hits="1" number="23"/>
						<line branch="false" hits="1" number="24"/>
						<line branch="false" hits="0" number="27"/>
						<line branch="false" hits="0" number="32"/>
						<line branch="false" hits="0" number="33"/>
						<line branch="false" hits="0" number="34"/>
						<line branch="false" hits="0" number="35"/>
						<line branch="false" hits="0" number="36"/>
						<line branch="false" hits="2" number="40"/>
						<line branch="false" hits="1" number="41"/>
						<line branch="false" hits="1" number="42"/>
						<line branch="false" hits="1" number="43"/>
						<line branch="false" hits="1" number="44"/>
						<line branch="false" hits="1" number="48"/>
						<line branch="false" hits="1" number="49"/>
						<line branch="false" hits="1" number="50"/>
						<line branch="false" hits="0" number="51"/>
						<line branch="false" hits="1" number="52"/>
						<line branch="false" hits="1" number="53"/>
					</lines>
				</class>
			</classes>
		</package>
		<package line-rate="0.5" branch-rate="0.0" name="lib.app.src.modules.todo.presenter" complexity="0">
			<classes>
				<class branch-rate="0.0" complexity="0" filename="lib/app/src/modules/todo/presenter/todo_page.dart" line-rate="0.5" name="lib.app.src.modules.todo.presenter.todo_page.dart">
					<methods/>
					<lines>
						<line branch="false" hits="2" number="4"/>
						<line branch="false" hits="0" number="6"/>
					</lines>
				</class>
			</classes>
		</package>
		<package line-rate="0.0" branch-rate="0.0" name="lib.app.src.ui.theme" complexity="0">
			<classes>
				<class branch-rate="0.0" complexity="0" filename="lib/app/src/ui/theme/theme_service.dart" line-rate="0.0" name="lib.app.src.ui.theme.theme_service.dart">
					<methods/>
					<lines>
						<line branch="false" hits="0" number="4"/>
						<line branch="false" hits="0" number="6"/>
						<line branch="false" hits="0" number="7"/>
						<line branch="false" hits="0" number="8"/>
						<line branch="false" hits="0" number="9"/>
					</lines>
				</class>
				<class branch-rate="0.0" complexity="0" filename="lib/app/src/ui/theme/theme_styles.dart" line-rate="0.0" name="lib.app.src.ui.theme.theme_styles.dart">
					<methods/>
					<lines>
						<line branch="false" hits="0" number="7"/>
						<line branch="false" hits="0" number="9"/>
						<line branch="false" hits="0" number="13"/>
					</lines>
				</class>
				<class branch-rate="0.0" complexity="0" filename="lib/app/src/ui/theme/theme_colors.dart" line-rate="0.0" name="lib.app.src.ui.theme.theme_colors.dart">
					<methods/>
					<lines>
						<line branch="false" hits="0" number="4"/>
						<line branch="false" hits="0" number="5"/>
						<line branch="false" hits="0" number="6"/>
						<line branch="false" hits="0" number="7"/>
						<line branch="false" hits="0" number="8"/>
						<line branch="false" hits="0" number="9"/>
						<line branch="false" hits="0" number="10"/>
						<line branch="false" hits="0" number="11"/>
						<line branch="false" hits="0" number="12"/>
						<line branch="false" hits="0" number="13"/>
						<line branch="false" hits="0" number="14"/>
						<line branch="false" hits="0" number="15"/>
						<line branch="false" hits="0" number="16"/>
						<line branch="false" hits="0" number="17"/>
						<line branch="false" hits="0" number="18"/>
						<line branch="false" hits="0" number="19"/>
						<line branch="false" hits="0" number="20"/>
						<line branch="false" hits="0" number="21"/>
						<line branch="false" hits="0" number="22"/>
						<line branch="false" hits="0" number="23"/>
						<line branch="false" hits="0" number="24"/>
						<line branch="false" hits="0" number="25"/>
						<line branch="false" hits="0" number="26"/>
						<line branch="false" hits="0" number="27"/>
						<line branch="false" hits="0" number="33"/>
					</lines>
				</class>
			</classes>
		</package>
	</packages>
</coverage>
