SF:lib/app/app.dart
DA:7,0
DA:8,0
DA:10,0
DA:11,0
DA:12,0
DA:14,0
DA:15,0
DA:16,0
DA:17,0
LF:9
LH:0
end_of_record
SF:lib/app/app_binds.dart
DA:6,0
DA:7,0
DA:8,0
DA:9,0
DA:10,0
DA:11,0
DA:12,0
DA:13,0
DA:14,0
DA:15,0
DA:16,0
LF:11
LH:0
end_of_record
SF:lib/app/app_routes.dart
DA:8,0
DA:9,0
DA:10,0
DA:12,0
LF:4
LH:0
end_of_record
SF:lib/app/src/core/api/api_request.dart
DA:6,0
LF:1
LH:0
end_of_record
SF:lib/app/src/core/api/api_response.dart
DA:4,0
DA:26,0
DA:28,0
DA:30,0
DA:32,0
LF:5
LH:0
end_of_record
SF:lib/app/src/core/api/api_service.dart
DA:8,0
DA:10,0
DA:12,0
DA:14,0
DA:16,0
DA:36,0
DA:43,0
DA:49,0
DA:51,0
DA:52,0
DA:53,0
DA:54,0
DA:56,0
DA:61,0
DA:62,0
DA:63,0
DA:64,0
DA:65,0
DA:66,0
DA:67,0
DA:69,0
DA:71,0
DA:73,0
DA:74,0
DA:75,0
DA:76,0
DA:77,0
DA:79,0
DA:83,0
DA:89,0
DA:96,0
DA:99,0
DA:106,0
DA:108,0
DA:109,0
DA:110,0
DA:111,0
DA:112,0
DA:115,0
DA:116,0
DA:117,0
DA:118,0
DA:119,0
DA:120,0
DA:121,0
DA:122,0
DA:126,0
DA:128,0
DA:129,0
DA:130,0
DA:131,0
DA:134,0
DA:135,0
DA:137,0
DA:138,0
DA:139,0
DA:140,0
DA:141,0
DA:145,0
DA:147,0
DA:148,0
DA:149,0
DA:150,0
DA:153,0
DA:154,0
DA:155,0
DA:156,0
DA:157,0
DA:158,0
DA:159,0
DA:160,0
DA:161,0
DA:165,0
DA:167,0
DA:168,0
DA:169,0
DA:170,0
DA:173,0
DA:174,0
DA:175,0
DA:176,0
DA:177,0
DA:178,0
DA:179,0
DA:180,0
DA:181,0
DA:182,0
DA:186,0
DA:188,0
DA:189,0
DA:190,0
DA:191,0
DA:194,0
DA:195,0
DA:196,0
DA:197,0
DA:198,0
DA:199,0
DA:200,0
DA:201,0
DA:202,0
DA:203,0
DA:207,0
DA:209,0
DA:210,0
DA:211,0
DA:213,0
DA:215,0
DA:219,0
DA:222,0
DA:226,0
DA:228,0
DA:229,0
DA:230,0
DA:231,0
DA:232,0
DA:233,0
DA:238,0
DA:243,0
DA:244,0
DA:246,0
DA:249,0
DA:251,0
DA:252,0
DA:253,0
DA:254,0
DA:256,0
DA:259,0
DA:260,0
DA:264,0
DA:265,0
DA:267,0
DA:268,0
DA:269,0
DA:273,0
DA:275,0
DA:277,0
DA:279,0
DA:280,0
DA:281,0
DA:283,0
DA:286,0
DA:287,0
DA:294,0
DA:296,0
DA:297,0
DA:298,0
DA:300,0
DA:301,0
DA:302,0
DA:303,0
DA:305,0
DA:306,0
DA:308,0
DA:309,0
DA:313,0
DA:314,0
DA:315,0
DA:316,0
DA:318,0
DA:319,0
DA:320,0
LF:162
LH:0
end_of_record
SF:lib/app/src/core/api/actions/get_default_timezone.dart
DA:6,0
DA:8,0
DA:11,0
LF:3
LH:0
end_of_record
SF:lib/app/src/core/api/actions/get_system_locale.dart
DA:4,0
DA:5,0
DA:7,0
LF:3
LH:0
end_of_record
SF:lib/app/src/core/configs/config_header.dart
DA:8,0
DA:9,0
DA:10,0
DA:13,0
DA:14,0
DA:17,0
DA:18,0
DA:21,0
DA:22,0
DA:25,0
DA:26,0
LF:11
LH:0
end_of_record
SF:lib/app/src/core/configs/config_service.dart
DA:13,0
DA:15,0
DA:17,0
DA:18,0
DA:20,0
DA:22,0
LF:6
LH:0
end_of_record
SF:lib/app/src/core/envs/env.dart
DA:4,0
DA:10,0
DA:12,0
DA:13,0
DA:19,0
DA:23,0
DA:24,0
LF:7
LH:0
end_of_record
SF:lib/app/src/core/returns/errors.dart
DA:12,0
DA:16,0
DA:18,0
DA:20,0
DA:22,0
DA:23,0
DA:25,0
DA:26,0
DA:27,0
DA:28,0
DA:29,0
DA:30,0
DA:31,0
DA:34,0
DA:35,0
DA:36,0
DA:37,0
DA:39,0
DA:40,0
DA:45,0
DA:46,0
DA:48,0
DA:53,0
DA:55,0
DA:56,0
DA:57,0
DA:59,0
DA:64,0
DA:66,0
DA:68,0
DA:69,0
DA:71,0
DA:76,0
DA:78,0
DA:80,0
DA:81,0
DA:83,0
LF:37
LH:0
end_of_record
SF:lib/app/src/core/returns/success.dart
DA:4,0
LF:1
LH:0
end_of_record
SF:lib/app/src/modules/todo/domain/entities/todo_entity.dart
DA:9,3
DA:11,1
DA:12,5
DA:14,0
LF:4
LH:3
end_of_record
SF:lib/app/src/modules/todo/infra/models/todo_model.dart
DA:4,2
DA:10,2
DA:11,1
DA:12,1
DA:13,1
DA:14,1
DA:17,0
DA:18,0
DA:20,2
DA:21,1
DA:22,1
DA:23,1
DA:24,1
DA:27,0
DA:32,0
DA:33,0
DA:34,0
DA:35,0
DA:36,0
DA:40,2
DA:41,1
DA:42,1
DA:43,1
DA:44,1
DA:48,1
DA:49,1
DA:50,1
DA:51,0
DA:52,1
DA:53,1
LF:30
LH:21
end_of_record
SF:lib/app/src/modules/todo/presenter/todo_page.dart
DA:4,2
DA:6,0
LF:2
LH:1
end_of_record
SF:lib/app/src/ui/theme/theme_service.dart
DA:4,0
DA:6,0
DA:7,0
DA:8,0
DA:9,0
LF:5
LH:0
end_of_record
SF:lib/app/src/ui/theme/theme_styles.dart
DA:7,0
DA:9,0
DA:13,0
LF:3
LH:0
end_of_record
SF:lib/app/src/ui/theme/theme_colors.dart
DA:4,0
DA:5,0
DA:6,0
DA:7,0
DA:8,0
DA:9,0
DA:10,0
DA:11,0
DA:12,0
DA:13,0
DA:14,0
DA:15,0
DA:16,0
DA:17,0
DA:18,0
DA:19,0
DA:20,0
DA:21,0
DA:22,0
DA:23,0
DA:24,0
DA:25,0
DA:26,0
DA:27,0
DA:33,0
LF:25
LH:0
end_of_record
